
--------------------------------------------------------------------------------
Start: 06-fev-2023 13:39:09
Component Name: Export to Shape File
Input Name: Queries. GIA.VABOCAREGA_BAIRRO DA CELBI
Information: 55 feature(s) successfully exported.
End: 06-fev-2023 13:39:09
--------------------------------------------------------------------------------

--------------------------------------------------------------------------------
Start: 06-fev-2023 13:39:09
Component Name: Export to Shape File
Input Name: Queries.GIA.ABOCAREGA_BAIRRO DA CELBI
Information: 55 feature(s) successfully exported.
End: 06-fev-2023 13:39:10
--------------------------------------------------------------------------------

--------------------------------------------------------------------------------
Start: 06-fev-2023 13:39:10
Component Name: Export to Shape File
Input Name: Queries.GIA.AJUNTACEGA_BAIRRO DA CELBI
Information: 13 feature(s) successfully exported.
End: 06-fev-2023 13:39:10
--------------------------------------------------------------------------------

--------------------------------------------------------------------------------
Start: 06-fev-2023 13:39:10
Component Name: Export to Shape File
Input Name: Queries.GIA.AMEDIDORCAUDAL_BAIRRO DA CELBI
Information: 9 feature(s) successfully exported.
End: 06-fev-2023 13:39:10
--------------------------------------------------------------------------------

--------------------------------------------------------------------------------
Start: 06-fev-2023 13:39:10
Component Name: Export to Shape File
Input Name: Queries.GIA.ANOALTERACAO_BAIRRO DA CELBI
Information: 160 feature(s) successfully exported.
End: 06-fev-2023 13:39:11
--------------------------------------------------------------------------------

--------------------------------------------------------------------------------
Start: 06-fev-2023 13:39:11
Component Name: Export to Shape File
Input Name: Queries.GIA.ARAMAL_BAIRRO DA CELBI
Information: 213 feature(s) successfully exported.
End: 06-fev-2023 13:39:13
--------------------------------------------------------------------------------

--------------------------------------------------------------------------------
Start: 06-fev-2023 13:39:13
Component Name: Export to Shape File
Input Name: Queries.GIA.ATROCOADUTOR_BAIRRO DA CELBI
Information: 2 feature(s) successfully exported.
End: 06-fev-2023 13:39:13
--------------------------------------------------------------------------------

--------------------------------------------------------------------------------
Start: 06-fev-2023 13:39:14
Component Name: Export to Shape File
Input Name: Queries.GIA.ATROCOTUBAGEM_BAIRRO DA CELBI
Information: 267 feature(s) successfully exported.
End: 06-fev-2023 13:39:17
--------------------------------------------------------------------------------

--------------------------------------------------------------------------------
Start: 06-fev-2023 13:39:17
Component Name: Export to Shape File
Input Name: Queries.GIA.AVALDESCARGA_BAIRRO DA CELBI
Information: 4 feature(s) successfully exported.
End: 06-fev-2023 13:39:17
--------------------------------------------------------------------------------

--------------------------------------------------------------------------------
Start: 06-fev-2023 13:39:17
Component Name: Export to Shape File
Input Name: Queries.GIA.AVALSUSPENSAO__BAIRRO DA CELBI
Information: 100 feature(s) successfully exported.
End: 06-fev-2023 13:39:17
--------------------------------------------------------------------------------

--------------------------------------------------------------------------------
Start: 06-fev-2023 13:39:17
Component Name: Export to Shape File
Input Name: Queries.GIA.AVALSUSPENSAO_BAIRRO DA CELBI
Information: 100 feature(s) successfully exported.
End: 06-fev-2023 13:39:18
--------------------------------------------------------------------------------

--------------------------------------------------------------------------------
Start: 06-fev-2023 13:39:18
Component Name: Export to Shape File
Input Name: Queries.GIA.AVENTOSA_BAIRRO DA CELBI
Information: 5 feature(s) successfully exported.
End: 06-fev-2023 13:39:18
--------------------------------------------------------------------------------

--------------------------------------------------------------------------------
Start: 06-fev-2023 13:39:18
Component Name: Export to Shape File
Input Name: Queries.GIA.VAMEDIDORCAUDAL_BAIRRO DA CELBI
Information: 9 feature(s) successfully exported.
End: 06-fev-2023 13:39:19
--------------------------------------------------------------------------------

--------------------------------------------------------------------------------
Start: 06-fev-2023 13:39:19
Component Name: Export to Shape File
Input Name: Queries.GIA.VAVALDESCARGA_BAIRRO DA CELBI
Information: 4 feature(s) successfully exported.
End: 06-fev-2023 13:39:19
--------------------------------------------------------------------------------

--------------------------------------------------------------------------------
Start: 06-fev-2023 13:39:19
Component Name: Export to Shape File
Input Name: Queries.GIA.VAVALSUSPENSAO_Válvula_de_Zona_BAIRRO DA CELBI
Information: 7 feature(s) successfully exported.
End: 06-fev-2023 13:39:19
--------------------------------------------------------------------------------
